<?xml version="1.0" encoding="UTF-8"?>
<testng-results skipped="0" failed="0" total="1" passed="1">
  <reporter-output>
  </reporter-output>
  <suite name="Default suite" duration-ms="79111" started-at="2016-10-24T10:22:00Z" finished-at="2016-10-24T10:23:19Z">
    <groups>
    </groups>
    <test name="Default test" duration-ms="79111" started-at="2016-10-24T10:22:00Z" finished-at="2016-10-24T10:23:19Z">
      <class name="com.xbwq.TestCase.SalesReport">
        <test-method status="PASS" signature="beforeSuite()[pri:0, instance:com.xbwq.TestCase.SalesReport@20b575f3]" name="beforeSuite" is-config="true" duration-ms="16059" started-at="2016-10-24T18:21:44Z" finished-at="2016-10-24T18:22:00Z">
          <reporter-output>
          </reporter-output>
        </test-method> <!-- beforeSuite -->
        <test-method status="PASS" signature="beforeClass()[pri:0, instance:com.xbwq.TestCase.SalesReport@20b575f3]" name="beforeClass" is-config="true" duration-ms="10907" started-at="2016-10-24T18:22:00Z" finished-at="2016-10-24T18:22:11Z">
          <reporter-output>
          </reporter-output>
        </test-method> <!-- beforeClass -->
        <test-method status="PASS" signature="addSalesReport()[pri:0, instance:com.xbwq.TestCase.SalesReport@20b575f3]" name="addSalesReport" duration-ms="66734" started-at="2016-10-24T18:22:11Z" finished-at="2016-10-24T18:23:18Z">
          <reporter-output>
          </reporter-output>
        </test-method> <!-- addSalesReport -->
        <test-method status="PASS" signature="afterClass()[pri:0, instance:com.xbwq.TestCase.SalesReport@20b575f3]" name="afterClass" is-config="true" duration-ms="1470" started-at="2016-10-24T18:23:18Z" finished-at="2016-10-24T18:23:19Z">
          <reporter-output>
          </reporter-output>
        </test-method> <!-- afterClass -->
        <test-method status="PASS" signature="afterSuite()[pri:0, instance:com.xbwq.TestCase.SalesReport@20b575f3]" name="afterSuite" is-config="true" duration-ms="0" started-at="2016-10-24T18:23:19Z" finished-at="2016-10-24T18:23:19Z">
          <reporter-output>
          </reporter-output>
        </test-method> <!-- afterSuite -->
      </class> <!-- com.xbwq.TestCase.SalesReport -->
    </test> <!-- Default test -->
  </suite> <!-- Default suite -->
</testng-results>
